{"C:\\Users\\oshd\\Desktop\\playground\\2024\\event-app-full-stack\\backend\\config\\environment.ts": {"path":"C:\\Users\\oshd\\Desktop\\playground\\2024\\event-app-full-stack\\backend\\config\\environment.ts","statementMap":{"0":{"start":{"line":1,"column":0},"end":{"line":1,"column":43}},"1":{"start":{"line":2,"column":0},"end":{"line":2,"column":24}},"2":{"start":{"line":3,"column":0},"end":{"line":3,"column":28}},"3":{"start":{"line":4,"column":0},"end":{"line":4,"column":28}},"4":{"start":{"line":5,"column":0},"end":{"line":5,"column":36}},"5":{"start":{"line":7,"column":0},"end":{"line":9,"column":3}},"6":{"start":{"line":11,"column":33},"end":{"line":21,"column":1}},"7":{"start":{"line":12,"column":2},"end":{"line":14,"column":4}},"8":{"start":{"line":15,"column":2},"end":{"line":15,"column":61}},"9":{"start":{"line":16,"column":2},"end":{"line":16,"column":32}},"10":{"start":{"line":17,"column":2},"end":{"line":17,"column":53}},"11":{"start":{"line":18,"column":2},"end":{"line":18,"column":26}},"12":{"start":{"line":19,"column":2},"end":{"line":19,"column":51}},"13":{"start":{"line":20,"column":2},"end":{"line":20,"column":21}},"14":{"start":{"line":11,"column":13},"end":{"line":11,"column":33}}},"fnMap":{"0":{"name":"(anonymous_1)","decl":{"start":{"line":11,"column":33},"end":{"line":11,"column":34}},"loc":{"start":{"line":11,"column":50},"end":{"line":21,"column":1}}}},"branchMap":{},"s":{"0":1,"1":1,"2":1,"3":1,"4":1,"5":1,"6":1,"7":1,"8":1,"9":1,"10":1,"11":1,"12":1,"13":1,"14":1},"f":{"0":1},"b":{}}
,"C:\\Users\\oshd\\Desktop\\playground\\2024\\event-app-full-stack\\backend\\config\\index.ts": {"path":"C:\\Users\\oshd\\Desktop\\playground\\2024\\event-app-full-stack\\backend\\config\\index.ts","statementMap":{"0":{"start":{"line":1,"column":0},"end":{"line":1,"column":30}},"1":{"start":{"line":2,"column":0},"end":{"line":2,"column":27}}},"fnMap":{},"branchMap":{},"s":{"0":1,"1":1},"f":{},"b":{}}
,"C:\\Users\\oshd\\Desktop\\playground\\2024\\event-app-full-stack\\backend\\config\\security.ts": {"path":"C:\\Users\\oshd\\Desktop\\playground\\2024\\event-app-full-stack\\backend\\config\\security.ts","statementMap":{"0":{"start":{"line":1,"column":0},"end":{"line":1,"column":28}},"1":{"start":{"line":2,"column":0},"end":{"line":2,"column":24}},"2":{"start":{"line":5,"column":30},"end":{"line":12,"column":1}},"3":{"start":{"line":6,"column":2},"end":{"line":6,"column":20}},"4":{"start":{"line":7,"column":2},"end":{"line":11,"column":5}},"5":{"start":{"line":5,"column":13},"end":{"line":5,"column":30}}},"fnMap":{"0":{"name":"(anonymous_1)","decl":{"start":{"line":5,"column":30},"end":{"line":5,"column":31}},"loc":{"start":{"line":5,"column":47},"end":{"line":12,"column":1}}}},"branchMap":{"0":{"loc":{"start":{"line":8,"column":13},"end":{"line":8,"column":41}},"type":"binary-expr","locations":[{"start":{"line":8,"column":13},"end":{"line":8,"column":35}},{"start":{"line":8,"column":39},"end":{"line":8,"column":41}}]}},"s":{"0":1,"1":1,"2":1,"3":1,"4":1,"5":1},"f":{"0":1},"b":{"0":[1,1]}}
,"C:\\Users\\oshd\\Desktop\\playground\\2024\\event-app-full-stack\\backend\\src\\app.ts": {"path":"C:\\Users\\oshd\\Desktop\\playground\\2024\\event-app-full-stack\\backend\\src\\app.ts","statementMap":{"0":{"start":{"line":1,"column":0},"end":{"line":1,"column":62}},"1":{"start":{"line":2,"column":0},"end":{"line":2,"column":62}},"2":{"start":{"line":4,"column":21},"end":{"line":4,"column":30}},"3":{"start":{"line":6,"column":0},"end":{"line":6,"column":23}},"4":{"start":{"line":7,"column":0},"end":{"line":7,"column":20}},"5":{"start":{"line":9,"column":0},"end":{"line":11,"column":3}},"6":{"start":{"line":10,"column":2},"end":{"line":10,"column":52}},"7":{"start":{"line":13,"column":0},"end":{"line":13,"column":19}}},"fnMap":{"0":{"name":"(anonymous_1)","decl":{"start":{"line":9,"column":13},"end":{"line":9,"column":14}},"loc":{"start":{"line":9,"column":45},"end":{"line":11,"column":1}}}},"branchMap":{},"s":{"0":1,"1":1,"2":1,"3":1,"4":1,"5":1,"6":1,"7":1},"f":{"0":1},"b":{}}
}
